<?xml version="1.0" encoding="UTF-8"?>
<!-- Generated by org.testng.reporters.JUnitXMLReporter -->
<testsuite hostname="sony-VAIO" ignored="0" name="Login Tests" tests="3" failures="0" timestamp="21 Mar 2019 03:53:59 GMT" time="72.111" errors="0">
  <testcase name="validPostpaidLogin" time="9.951" classname="in.airtel.scripts.LoginTest"/>
  <testcase name="airtelPaymentBank" time="21.014" classname="in.airtel.scripts.PrepaidPaymentTest"/>
  <testcase name="validPrepaidLogin" time="10.073" classname="in.airtel.scripts.LoginTest"/>
</testsuite> <!-- Login Tests -->
