<?xml version="1.0" encoding="UTF-8"?>
<testng-results skipped="0" failed="0" ignored="1" total="2" passed="1">
  <reporter-output>
    <line>
      <![CDATA[Suite Execution starts Sat May 18 23:49:28 IST 2019]]>
    </line>
    <line>
      <![CDATA[Chrome browser launched]]>
    </line>
    <line>
      <![CDATA[https://www.airtel.in/s/selfcare URL navigated]]>
    </line>
    <line>
      <![CDATA[insufficientBalance script execution starts]]>
    </line>
    <line>
      <![CDATA[Dashboard page is verified]]>
    </line>
    <line>
      <![CDATA[The load money fail message validated]]>
    </line>
    <line>
      <![CDATA[insufficientBalance script passed]]>
    </line>
    <line>
      <![CDATA[Browser closed]]>
    </line>
    <line>
      <![CDATA[All sessions are closed]]>
    </line>
  </reporter-output>
  <suite name="Suite" duration-ms="64167" started-at="2019-05-18T18:19:28Z" finished-at="2019-05-18T18:20:32Z">
    <groups>
    </groups>
    <test name="Prepaid Payment Tests" duration-ms="64167" started-at="2019-05-18T18:19:28Z" finished-at="2019-05-18T18:20:32Z">
      <class name="in.airtel.scripts.payment.prepaid.APBPaymentTest">
        <test-method status="PASS" signature="preClass(java.lang.String)[pri:0, instance:in.airtel.scripts.payment.prepaid.APBPaymentTest@3cbbc1e0]" name="preClass" is-config="true" duration-ms="7118" started-at="2019-05-18T18:19:28Z" finished-at="2019-05-18T18:19:35Z">
          <params>
            <param index="0">
              <value>
                <![CDATA[chrome]]>
              </value>
            </param>
          </params>
          <reporter-output>
            <line>
              <![CDATA[Chrome browser launched]]>
            </line>
          </reporter-output>
        </test-method> <!-- preClass -->
        <test-method status="PASS" signature="preCondition(java.lang.String)[pri:0, instance:in.airtel.scripts.payment.prepaid.APBPaymentTest@3cbbc1e0]" name="preCondition" is-config="true" duration-ms="4590" started-at="2019-05-18T18:19:35Z" finished-at="2019-05-18T18:19:40Z">
          <params>
            <param index="0">
              <value>
                <![CDATA[https://www.airtel.in/s/selfcare]]>
              </value>
            </param>
          </params>
          <reporter-output>
            <line>
              <![CDATA[https://www.airtel.in/s/selfcare URL navigated]]>
            </line>
          </reporter-output>
        </test-method> <!-- preCondition -->
        <test-method status="PASS" signature="insufficientBalance()[pri:2, instance:in.airtel.scripts.payment.prepaid.APBPaymentTest@3cbbc1e0]" name="insufficientBalance" duration-ms="49309" started-at="2019-05-18T18:19:40Z" description="Insufficient Balance flow through Left Navigation Area" finished-at="2019-05-18T18:20:29Z">
          <reporter-output>
            <line>
              <![CDATA[insufficientBalance script execution starts]]>
            </line>
            <line>
              <![CDATA[Dashboard page is verified]]>
            </line>
            <line>
              <![CDATA[The load money fail message validated]]>
            </line>
            <line>
              <![CDATA[insufficientBalance script passed]]>
            </line>
          </reporter-output>
        </test-method> <!-- insufficientBalance -->
        <test-method status="PASS" signature="postCondition()[pri:0, instance:in.airtel.scripts.payment.prepaid.APBPaymentTest@3cbbc1e0]" name="postCondition" is-config="true" duration-ms="2281" started-at="2019-05-18T18:20:29Z" finished-at="2019-05-18T18:20:32Z">
          <reporter-output>
          </reporter-output>
        </test-method> <!-- postCondition -->
        <test-method status="PASS" signature="postClass()[pri:0, instance:in.airtel.scripts.payment.prepaid.APBPaymentTest@3cbbc1e0]" name="postClass" is-config="true" duration-ms="845" started-at="2019-05-18T18:20:32Z" finished-at="2019-05-18T18:20:32Z">
          <reporter-output>
            <line>
              <![CDATA[Browser closed]]>
            </line>
            <line>
              <![CDATA[All sessions are closed]]>
            </line>
          </reporter-output>
        </test-method> <!-- postClass -->
      </class> <!-- in.airtel.scripts.payment.prepaid.APBPaymentTest -->
    </test> <!-- Prepaid Payment Tests -->
  </suite> <!-- Suite -->
</testng-results>
